2024-03-03 03:40:07,310 INFO Set uid to user 0 succeeded
2024-03-03 03:40:07,318 CRIT Server 'unix_http_server' running without any HTTP authentication checking
2024-03-03 03:40:07,322 INFO supervisord started with pid 1
2024-03-03 03:40:08,325 INFO spawned: 'nginx' with pid 9
2024-03-03 03:40:08,331 INFO spawned: 'php-fpm' with pid 10
2024-03-03 03:40:09,392 INFO success: nginx entered RUNNING state, process has stayed up for > than 1 seconds (startsecs)
2024-03-03 03:40:09,393 INFO success: php-fpm entered RUNNING state, process has stayed up for > than 1 seconds (startsecs)
2024-03-03 04:15:54,684 WARN received SIGQUIT indicating exit request
2024-03-03 04:15:54,685 INFO waiting for nginx, php-fpm to die
2024-03-03 04:15:54,692 INFO stopped: php-fpm (exit status 0)
2024-03-03 04:15:54,794 INFO stopped: nginx (exit status 0)
2024-03-03 04:18:22,051 INFO Set uid to user 0 succeeded
2024-03-03 04:18:22,058 CRIT Server 'unix_http_server' running without any HTTP authentication checking
2024-03-03 04:18:22,062 INFO supervisord started with pid 1
2024-03-03 04:18:23,067 INFO spawned: 'nginx' with pid 9
2024-03-03 04:18:23,072 INFO spawned: 'php-fpm' with pid 10
2024-03-03 04:20:47,613 INFO Set uid to user 0 succeeded
2024-03-03 04:20:47,954 CRIT Server 'unix_http_server' running without any HTTP authentication checking
2024-03-03 04:20:47,966 INFO supervisord started with pid 1
2024-03-03 04:20:48,978 INFO spawned: 'nginx' with pid 17
2024-03-03 04:20:48,986 INFO spawned: 'php-fpm' with pid 18
2024-03-03 04:20:50,057 INFO success: nginx entered RUNNING state, process has stayed up for > than 1 seconds (startsecs)
2024-03-03 04:20:50,057 INFO success: php-fpm entered RUNNING state, process has stayed up for > than 1 seconds (startsecs)
2024-03-03 04:31:17,873 WARN received SIGQUIT indicating exit request
2024-03-03 04:31:17,874 INFO waiting for nginx, php-fpm to die
2024-03-03 04:31:17,881 INFO stopped: php-fpm (exit status 0)
2024-03-03 04:31:18,003 INFO stopped: nginx (exit status 0)
